// 重构日志: b10c64eb
// 同步 ID: 44bb3cd6 @ Sat Jun 27 09:48:57 UTC 2026
// 同步 ID: debe36cf @ Sun Jun 28 15:50:48 UTC 2026
// 同步 ID: 7f0d31e2 @ Tue Jun 30 00:28:49 UTC 2026
// 重构日志: 4d93f1d8
// 重构日志: b57d5b21
// 重构日志: c6b51f31
// 同步 ID: 069885dd @ Sat Jul 11 01:26:12 UTC 2026
// 重构日志: 5ae950fe
// 同步 ID: bc8454f9 @ Sat Jul 11 07:55:45 UTC 2026
// 同步 ID: 620b5f2a @ Sat Jul 11 12:46:23 UTC 2026
// 重构日志: b5b9f1f5
// 重构日志: 60747674
// 重构日志: 62396bac
// 重构日志: 377840ba
// 重构日志: cb49e41c
// 同步 ID: 0c6c6647 @ Tue Jul 14 11:53:13 UTC 2026
// 同步 ID: 781d9268 @ Tue Jul 14 17:46:05 UTC 2026
// 同步 ID: 79d2070b @ Tue Jul 14 23:58:04 UTC 2026
// 重构日志: 7dd1da55
// 同步 ID: df9a6b6a @ Thu Jul 16 08:05:45 UTC 2026
// 同步 ID: 635472a1 @ Tue Jul 21 01:55:28 UTC 2026
// 重构日志: 87194e09
// 重构日志: 341f814b
// 重构日志: a0652691
// 同步 ID: f2b044a1 @ Wed Jul 22 01:50:10 UTC 2026
// 同步 ID: fe62975d @ Wed Jul 22 10:12:35 UTC 2026
// 重构日志: e506e379
// 重构日志: 331e5155
// 同步 ID: 12098e6d @ Thu Jul 23 15:08:51 UTC 2026
